/*C3*/SET SCHEMA PUBLIC
DROP Table LOGENTRY
/*C4*/SET SCHEMA PUBLIC
drop table LogEntry if exists
drop sequence hibernate_sequence if exists
create sequence hibernate_sequence start with 1 increment by 1
create table LogEntry (id integer not null, date timestamp, message varchar(255), primary key (id))
INSERT INTO LOGENTRY VALUES(1,'2018-10-16 14:52:19.098000','Erster Eintrag')
INSERT INTO LOGENTRY VALUES(2,'2018-10-16 14:52:19.098000','Zweiter Eintrag')
INSERT INTO LOGENTRY VALUES(3,'2018-10-16 14:52:19.098000','Dritter Eintrag')
ALTER SEQUENCE PUBLIC.HIBERNATE_SEQUENCE RESTART WITH 4
COMMIT
DISCONNECT
/*C5*/SET SCHEMA PUBLIC
drop table LogEntry if exists
drop sequence hibernate_sequence if exists
create sequence hibernate_sequence start with 1 increment by 1
create table LogEntry (id integer not null, date timestamp, message varchar(255), primary key (id))
INSERT INTO LOGENTRY VALUES(1,'2018-10-16 14:53:45.132000','Erster Eintrag')
INSERT INTO LOGENTRY VALUES(2,'2018-10-16 14:53:45.132000','Zweiter Eintrag')
INSERT INTO LOGENTRY VALUES(3,'2018-10-16 14:53:45.132000','Dritter Eintrag')
ALTER SEQUENCE PUBLIC.HIBERNATE_SEQUENCE RESTART WITH 4
COMMIT
DISCONNECT
/*C6*/SET SCHEMA PUBLIC
drop table LogEntry if exists
drop sequence hibernate_sequence if exists
create sequence hibernate_sequence start with 1 increment by 1
create table LogEntry (id integer not null, date timestamp, message varchar(255), primary key (id))
INSERT INTO LOGENTRY VALUES(1,'2018-10-16 14:54:25.254000','Erster Eintrag')
INSERT INTO LOGENTRY VALUES(2,'2018-10-16 14:54:25.254000','Zweiter Eintrag')
INSERT INTO LOGENTRY VALUES(3,'2018-10-16 14:54:25.254000','Dritter Eintrag')
ALTER SEQUENCE PUBLIC.HIBERNATE_SEQUENCE RESTART WITH 4
COMMIT
DISCONNECT
/*C7*/SET SCHEMA PUBLIC
DISCONNECT
/*C3*/DROP Table LOGENTRY
/*C8*/SET SCHEMA PUBLIC
DISCONNECT
/*C9*/SET SCHEMA PUBLIC
create table LogEntry (id integer not null, date timestamp, message varchar(255), primary key (id))
INSERT INTO LOGENTRY VALUES(4,'2018-10-16 15:02:01.722000','Erster Eintrag')
INSERT INTO LOGENTRY VALUES(5,'2018-10-16 15:02:01.722000','Zweiter Eintrag')
INSERT INTO LOGENTRY VALUES(6,'2018-10-16 15:02:01.722000','Dritter Eintrag')
ALTER SEQUENCE PUBLIC.HIBERNATE_SEQUENCE RESTART WITH 7
COMMIT
DISCONNECT
/*C10*/SET SCHEMA PUBLIC
INSERT INTO LOGENTRY VALUES(7,'2018-10-16 15:02:28.574000','Erster Eintrag')
INSERT INTO LOGENTRY VALUES(8,'2018-10-16 15:02:28.574000','Zweiter Eintrag')
INSERT INTO LOGENTRY VALUES(9,'2018-10-16 15:02:28.574000','Dritter Eintrag')
ALTER SEQUENCE PUBLIC.HIBERNATE_SEQUENCE RESTART WITH 10
COMMIT
DISCONNECT
/*C3*/DROP Table Logentry
/*C11*/SET SCHEMA PUBLIC
create table GameSession (Id bigint not null, playerName varchar(255), sessionLog varbinary(255), sessionName varchar(255), primary key (Id))
create table LogEntry (id integer not null, date timestamp, message varchar(255), primary key (id))
/*C12*/SET SCHEMA PUBLIC
ALTER SEQUENCE PUBLIC.HIBERNATE_SEQUENCE RESTART WITH 14
/*C3*/DROP Table Logentry
/*C11*/DISCONNECT
/*C13*/SET SCHEMA PUBLIC
create table LogEntry (id integer not null, date timestamp, message varchar(255), primary key (id))
INSERT INTO GAMESESSION VALUES(14,'Andreas',NULL,'Spiel 1')
INSERT INTO GAMESESSION VALUES(15,'Tom',NULL,'Spiel 2')
INSERT INTO GAMESESSION VALUES(16,'Waiter',NULL,'Waiting Game')
ALTER SEQUENCE PUBLIC.HIBERNATE_SEQUENCE RESTART WITH 17
COMMIT
DISCONNECT
